{"level":"info","message":"Starting server...","service":"wealth-clicks","timestamp":"2025-07-09 16:54:50"}
{"level":"info","message":"Package earnings scheduler initialized","service":"wealth-clicks","timestamp":"2025-07-09 16:54:50"}
{"level":"info","message":"Scheduled tasks initialized","service":"wealth-clicks","timestamp":"2025-07-09 16:54:50"}
{"level":"info","message":"Starting server...","service":"wealth-clicks","timestamp":"2025-07-09 17:05:00"}
{"level":"info","message":"Package earnings scheduler initialized","service":"wealth-clicks","timestamp":"2025-07-09 17:05:01"}
{"level":"info","message":"Scheduled tasks initialized","service":"wealth-clicks","timestamp":"2025-07-09 17:05:01"}
{"level":"info","message":"Starting server...","service":"wealth-clicks","timestamp":"2025-07-09 17:26:18"}
{"level":"info","message":"Package earnings scheduler initialized","service":"wealth-clicks","timestamp":"2025-07-09 17:26:18"}
{"level":"info","message":"Scheduled tasks initialized","service":"wealth-clicks","timestamp":"2025-07-09 17:26:18"}
{"level":"info","message":"Starting server...","service":"wealth-clicks","timestamp":"2025-07-09 17:38:27"}
{"level":"info","message":"Package earnings scheduler initialized","service":"wealth-clicks","timestamp":"2025-07-09 17:38:27"}
{"level":"info","message":"Scheduled tasks initialized","service":"wealth-clicks","timestamp":"2025-07-09 17:38:27"}
{"level":"info","message":"Starting server...","service":"wealth-clicks","timestamp":"2025-07-09 17:44:31"}
{"level":"info","message":"Package earnings scheduler initialized","service":"wealth-clicks","timestamp":"2025-07-09 17:44:31"}
{"level":"info","message":"Scheduled tasks initialized","service":"wealth-clicks","timestamp":"2025-07-09 17:44:31"}
{"level":"info","message":"Starting server...","service":"wealth-clicks","timestamp":"2025-07-09 17:44:57"}
{"level":"info","message":"Package earnings scheduler initialized","service":"wealth-clicks","timestamp":"2025-07-09 17:44:58"}
{"level":"info","message":"Scheduled tasks initialized","service":"wealth-clicks","timestamp":"2025-07-09 17:44:58"}
{"level":"info","message":"Starting server...","service":"wealth-clicks","timestamp":"2025-07-09 18:04:42"}
{"level":"info","message":"Package earnings scheduler initialized","service":"wealth-clicks","timestamp":"2025-07-09 18:04:42"}
{"level":"info","message":"Scheduled tasks initialized","service":"wealth-clicks","timestamp":"2025-07-09 18:04:42"}
{"level":"info","message":"Starting server...","service":"wealth-clicks","timestamp":"2025-07-09 18:21:31"}
{"level":"info","message":"Package earnings scheduler initialized","service":"wealth-clicks","timestamp":"2025-07-09 18:21:32"}
{"level":"info","message":"Scheduled tasks initialized","service":"wealth-clicks","timestamp":"2025-07-09 18:21:32"}
{"level":"info","message":"Starting server...","service":"wealth-clicks","timestamp":"2025-07-09 18:22:01"}
{"level":"info","message":"Package earnings scheduler initialized","service":"wealth-clicks","timestamp":"2025-07-09 18:22:01"}
{"level":"info","message":"Scheduled tasks initialized","service":"wealth-clicks","timestamp":"2025-07-09 18:22:01"}
{"level":"info","message":"Starting server...","service":"wealth-clicks","timestamp":"2025-07-09 19:25:16"}
{"level":"info","message":"Package earnings scheduler initialized","service":"wealth-clicks","timestamp":"2025-07-09 19:25:17"}
{"level":"info","message":"Scheduled tasks initialized","service":"wealth-clicks","timestamp":"2025-07-09 19:25:17"}
{"level":"info","message":"Starting server...","service":"wealth-clicks","timestamp":"2025-07-09 19:45:50"}
{"level":"info","message":"Package earnings scheduler initialized","service":"wealth-clicks","timestamp":"2025-07-09 19:45:51"}
{"level":"info","message":"Scheduled tasks initialized","service":"wealth-clicks","timestamp":"2025-07-09 19:45:51"}
{"level":"info","message":"Starting server...","service":"wealth-clicks","timestamp":"2025-07-09 20:05:56"}
{"level":"info","message":"Package earnings scheduler initialized","service":"wealth-clicks","timestamp":"2025-07-09 20:05:56"}
{"level":"info","message":"Scheduled tasks initialized","service":"wealth-clicks","timestamp":"2025-07-09 20:05:56"}
{"level":"info","message":"Starting server...","service":"wealth-clicks","timestamp":"2025-07-09 20:34:07"}
{"level":"info","message":"Package earnings scheduler initialized","service":"wealth-clicks","timestamp":"2025-07-09 20:34:07"}
{"level":"info","message":"Scheduled tasks initialized","service":"wealth-clicks","timestamp":"2025-07-09 20:34:07"}
{"level":"info","message":"Starting server...","service":"wealth-clicks","timestamp":"2025-07-09 21:00:05"}
{"level":"info","message":"Package earnings scheduler initialized","service":"wealth-clicks","timestamp":"2025-07-09 21:00:05"}
{"level":"info","message":"Scheduled tasks initialized","service":"wealth-clicks","timestamp":"2025-07-09 21:00:05"}
{"level":"info","message":"Starting server...","service":"wealth-clicks","timestamp":"2025-07-09 22:06:24"}
{"level":"info","message":"Package earnings scheduler initialized","service":"wealth-clicks","timestamp":"2025-07-09 22:06:25"}
{"level":"info","message":"Scheduled tasks initialized","service":"wealth-clicks","timestamp":"2025-07-09 22:06:25"}
{"level":"info","message":"Starting server...","service":"wealth-clicks","timestamp":"2025-07-09 22:10:53"}
{"level":"info","message":"Package earnings scheduler initialized","service":"wealth-clicks","timestamp":"2025-07-09 22:10:54"}
{"level":"info","message":"Scheduled tasks initialized","service":"wealth-clicks","timestamp":"2025-07-09 22:10:54"}
{"level":"info","message":"Starting server...","service":"wealth-clicks","timestamp":"2025-07-09 22:35:18"}
{"level":"info","message":"Package earnings scheduler initialized","service":"wealth-clicks","timestamp":"2025-07-09 22:35:19"}
{"level":"info","message":"Scheduled tasks initialized","service":"wealth-clicks","timestamp":"2025-07-09 22:35:19"}
{"level":"info","message":"Starting server...","service":"wealth-clicks","timestamp":"2025-07-09 22:35:30"}
{"level":"info","message":"Package earnings scheduler initialized","service":"wealth-clicks","timestamp":"2025-07-09 22:35:31"}
{"level":"info","message":"Scheduled tasks initialized","service":"wealth-clicks","timestamp":"2025-07-09 22:35:31"}
{"level":"info","message":"Starting server...","service":"wealth-clicks","timestamp":"2025-07-09 23:04:18"}
{"level":"info","message":"Package earnings scheduler initialized","service":"wealth-clicks","timestamp":"2025-07-09 23:04:18"}
{"level":"info","message":"Scheduled tasks initialized","service":"wealth-clicks","timestamp":"2025-07-09 23:04:18"}
{"level":"info","message":"Starting server...","service":"wealth-clicks","timestamp":"2025-07-09 23:16:13"}
{"level":"info","message":"Package earnings scheduler initialized","service":"wealth-clicks","timestamp":"2025-07-09 23:16:13"}
{"level":"info","message":"Scheduled tasks initialized","service":"wealth-clicks","timestamp":"2025-07-09 23:16:13"}
{"level":"info","message":"Starting server...","service":"wealth-clicks","timestamp":"2025-07-09 23:21:30"}
{"level":"info","message":"Package earnings scheduler initialized","service":"wealth-clicks","timestamp":"2025-07-09 23:21:30"}
{"level":"info","message":"Scheduled tasks initialized","service":"wealth-clicks","timestamp":"2025-07-09 23:21:30"}
{"level":"info","message":"Starting server...","service":"wealth-clicks","timestamp":"2025-07-09 23:23:01"}
{"level":"info","message":"Package earnings scheduler initialized","service":"wealth-clicks","timestamp":"2025-07-09 23:23:01"}
{"level":"info","message":"Scheduled tasks initialized","service":"wealth-clicks","timestamp":"2025-07-09 23:23:01"}
{"level":"info","message":"Starting server...","service":"wealth-clicks","timestamp":"2025-07-09 23:26:55"}
{"level":"info","message":"Package earnings scheduler initialized","service":"wealth-clicks","timestamp":"2025-07-09 23:26:55"}
{"level":"info","message":"Scheduled tasks initialized","service":"wealth-clicks","timestamp":"2025-07-09 23:26:55"}
{"level":"info","message":"Starting server...","service":"wealth-clicks","timestamp":"2025-07-09 23:36:02"}
{"level":"info","message":"Package earnings scheduler initialized","service":"wealth-clicks","timestamp":"2025-07-09 23:36:02"}
{"level":"info","message":"Scheduled tasks initialized","service":"wealth-clicks","timestamp":"2025-07-09 23:36:02"}
{"level":"info","message":"Running scheduled package earnings update...","service":"wealth-clicks","timestamp":"2025-07-10 00:01:00"}
{"level":"info","message":"Successfully updated package earnings","service":"wealth-clicks","timestamp":"2025-07-10 00:01:01"}
{"level":"info","message":"Starting server...","service":"wealth-clicks","timestamp":"2025-07-10 00:08:47"}
{"level":"info","message":"Package earnings scheduler initialized","service":"wealth-clicks","timestamp":"2025-07-10 00:08:47"}
{"level":"info","message":"Scheduled tasks initialized","service":"wealth-clicks","timestamp":"2025-07-10 00:08:47"}
{"level":"info","message":"Starting server...","service":"wealth-clicks","timestamp":"2025-07-10 00:12:10"}
{"level":"info","message":"Package earnings scheduler initialized","service":"wealth-clicks","timestamp":"2025-07-10 00:12:10"}
{"level":"info","message":"Scheduled tasks initialized","service":"wealth-clicks","timestamp":"2025-07-10 00:12:10"}
{"level":"info","message":"Starting server...","service":"wealth-clicks","timestamp":"2025-07-10 00:15:36"}
{"level":"info","message":"Package earnings scheduler initialized","service":"wealth-clicks","timestamp":"2025-07-10 00:15:37"}
{"level":"info","message":"Scheduled tasks initialized","service":"wealth-clicks","timestamp":"2025-07-10 00:15:37"}
{"level":"info","message":"Starting server...","service":"wealth-clicks","timestamp":"2025-07-10 00:16:11"}
{"level":"info","message":"Package earnings scheduler initialized","service":"wealth-clicks","timestamp":"2025-07-10 00:16:11"}
{"level":"info","message":"Scheduled tasks initialized","service":"wealth-clicks","timestamp":"2025-07-10 00:16:11"}
{"level":"info","message":"Starting server...","service":"wealth-clicks","timestamp":"2025-07-10 10:27:35"}
{"level":"info","message":"Package earnings scheduler initialized","service":"wealth-clicks","timestamp":"2025-07-10 10:27:35"}
{"level":"info","message":"Scheduled tasks initialized","service":"wealth-clicks","timestamp":"2025-07-10 10:27:35"}
{"level":"info","message":"Starting server...","service":"wealth-clicks","timestamp":"2025-07-10 10:59:18"}
{"level":"info","message":"Package earnings scheduler initialized","service":"wealth-clicks","timestamp":"2025-07-10 10:59:18"}
{"level":"info","message":"Scheduled tasks initialized","service":"wealth-clicks","timestamp":"2025-07-10 10:59:18"}
{"level":"info","message":"Starting server...","service":"wealth-clicks","timestamp":"2025-07-10 11:34:27"}
{"level":"info","message":"Package earnings scheduler initialized","service":"wealth-clicks","timestamp":"2025-07-10 11:34:27"}
{"level":"info","message":"Scheduled tasks initialized","service":"wealth-clicks","timestamp":"2025-07-10 11:34:27"}
{"level":"info","message":"Starting server...","service":"wealth-clicks","timestamp":"2025-07-10 11:35:43"}
{"level":"info","message":"Package earnings scheduler initialized","service":"wealth-clicks","timestamp":"2025-07-10 11:35:43"}
{"level":"info","message":"Scheduled tasks initialized","service":"wealth-clicks","timestamp":"2025-07-10 11:35:43"}
{"level":"info","message":"Starting server...","service":"wealth-clicks","timestamp":"2025-07-10 12:17:08"}
{"level":"info","message":"Package earnings scheduler initialized","service":"wealth-clicks","timestamp":"2025-07-10 12:17:09"}
{"level":"info","message":"Scheduled tasks initialized","service":"wealth-clicks","timestamp":"2025-07-10 12:17:09"}
{"level":"info","message":"Starting server...","service":"wealth-clicks","timestamp":"2025-07-10 12:28:33"}
{"level":"info","message":"Package earnings scheduler initialized","service":"wealth-clicks","timestamp":"2025-07-10 12:28:33"}
{"level":"info","message":"Scheduled tasks initialized","service":"wealth-clicks","timestamp":"2025-07-10 12:28:33"}
